SYSTEM STARTUP...
[15:33:01] 游닌 RECEIVED: Say hello to the world
[15:33:01] 游닋 RESULT: 游뱄 I am simply printing: Say hello to the world
[15:33:11] 游닌 RECEIVED: Say hello to the world
[15:33:12] 游닋 RESULT: 游뱄 I am simply printing: Say hello to the world
[15:33:22] 游닌 RECEIVED: List files in current directory
[15:33:22] 游닋 RESULT: 游늭 Files here: ['brain', 'start.py']
[15:33:32] 游닌 RECEIVED: Check system disk space
[15:33:32] 游닋 RESULT: 游 Disk Free: 67 GB
[15:33:42] 游닌 RECEIVED: Say hello to the world
[15:33:42] 游닋 RESULT: 游뱄 I am simply printing: Say hello to the world
[15:33:52] 游닌 RECEIVED: List files in current directory
[15:33:52] 游닋 RESULT: 游늭 Files here: ['brain', 'start.py']
[15:34:02] 游닌 RECEIVED: Check system disk space
[15:34:02] 游닋 RESULT: 游 Disk Free: 67 GB
[15:34:12] 游닌 RECEIVED: List files in current directory
[15:34:12] 游닋 RESULT: 游늭 Files here: ['brain', 'start.py']
[15:34:22] 游닌 RECEIVED: Say hello to the world
[15:34:22] 游닋 RESULT: 游뱄 I am simply printing: Say hello to the world
[15:34:32] 游닌 RECEIVED: Check system disk space
[15:34:32] 游닋 RESULT: 游 Disk Free: 67 GB
[15:34:42] 游닌 RECEIVED: Check memory usage
[15:34:42] 游닋 RESULT: 游 checking memory... (simulation)
[15:34:52] 游닌 RECEIVED: List files in current directory
[15:34:52] 游닋 RESULT: 游늭 Files here: ['brain', 'start.py']
[15:35:02] 游닌 RECEIVED: Check system disk space
[15:35:02] 游닋 RESULT: 游 Disk Free: 67 GB
[15:35:12] 游닌 RECEIVED: Say hello to the world
[15:35:12] 游닋 RESULT: 游뱄 I am simply printing: Say hello to the world
[15:35:22] 游닌 RECEIVED: Check system disk space
[15:35:22] 游닋 RESULT: 游 Disk Free: 67 GB
[15:35:32] 游닌 RECEIVED: Check memory usage
[15:35:32] 游닋 RESULT: 游 checking memory... (simulation)
[15:35:42] 游닌 RECEIVED: List files in current directory
[15:35:42] 游닋 RESULT: 游늭 Files here: ['brain', 'start.py']
[15:35:52] 游닌 RECEIVED: Say hello to the world
[15:35:53] 游닋 RESULT: 游뱄 I am simply printing: Say hello to the world
[15:36:03] 游닌 RECEIVED: Check memory usage
[15:36:03] 游닋 RESULT: 游 checking memory... (simulation)
[15:36:13] 游닌 RECEIVED: Check memory usage
[15:36:13] 游닋 RESULT: 游 checking memory... (simulation)
[15:36:23] 游닌 RECEIVED: Say hello to the world
[15:36:23] 游닋 RESULT: 游뱄 I am simply printing: Say hello to the world
[15:36:33] 游닌 RECEIVED: List files in current directory
[15:36:33] 游닋 RESULT: 游늭 Files here: ['brain', 'start.py']
[15:36:43] 游닌 RECEIVED: Check memory usage
[15:36:43] 游닋 RESULT: 游 checking memory... (simulation)
[15:36:53] 游닌 RECEIVED: List files in current directory
[15:36:53] 游닋 RESULT: 游늭 Files here: ['brain', 'start.py']
[15:37:03] 游닌 RECEIVED: Check system disk space
[15:37:03] 游닋 RESULT: 游 Disk Free: 67 GB
[15:37:13] 游닌 RECEIVED: Check system disk space
[15:37:13] 游닋 RESULT: 游 Disk Free: 67 GB
[15:37:23] 游닌 RECEIVED: List files in current directory
[15:37:23] 游닋 RESULT: 游늭 Files here: ['brain', 'start.py']
[15:37:33] 游닌 RECEIVED: Check system disk space
[15:37:33] 游닋 RESULT: 游 Disk Free: 67 GB
[15:37:43] 游닌 RECEIVED: Check memory usage
[15:37:43] 游닋 RESULT: 游 checking memory... (simulation)
[15:37:53] 游닌 RECEIVED: Check memory usage
[15:37:53] 游닋 RESULT: 游 checking memory... (simulation)
[15:38:03] 游닌 RECEIVED: List files in current directory
[15:38:03] 游닋 RESULT: 游늭 Files here: ['brain', 'start.py']
[15:38:13] 游닌 RECEIVED: Say hello to the world
[15:38:13] 游닋 RESULT: 游뱄 I am simply printing: Say hello to the world
[15:38:23] 游닌 RECEIVED: Check memory usage
[15:38:23] 游닋 RESULT: 游 checking memory... (simulation)
[15:38:33] 游닌 RECEIVED: Check system disk space
[15:38:34] 游닋 RESULT: 游 Disk Free: 67 GB
[15:38:44] 游닌 RECEIVED: Check memory usage
[15:38:44] 游닋 RESULT: 游 checking memory... (simulation)
[15:38:54] 游닌 RECEIVED: Check memory usage
[15:38:54] 游닋 RESULT: 游 checking memory... (simulation)
[15:39:04] 游닌 RECEIVED: Say hello to the world
[15:39:04] 游닋 RESULT: 游뱄 I am simply printing: Say hello to the world
[15:39:14] 游닌 RECEIVED: Check memory usage
[15:39:14] 游닋 RESULT: 游 checking memory... (simulation)
[15:39:24] 游닌 RECEIVED: List files in current directory
[15:39:24] 游닋 RESULT: 游늭 Files here: ['brain', 'start.py']
[15:39:34] 游닌 RECEIVED: Say hello to the world
[15:39:34] 游닋 RESULT: 游뱄 I am simply printing: Say hello to the world
